<?xml version="1.0" encoding="UTF-8"?>
<beans xmlns="http://www.springframework.org/schema/beans"
       xmlns:xsi="http://www.w3.org/2001/XMLSchema-instance"
       xsi:schemaLocation="http://www.springframework.org/schema/beans http://www.springframework.org/schema/beans/spring-beans.xsd">

    <!--
        1：创建activeMqConnectionFactory
            添加 url属性

        2： 创建 SingleConnectionFactory
            添加 mq的工厂

        3：创建 JmsTemplate
            添加spring工厂

        4：设置队列名称

        5：在控制层
            注入两个bean
            jmsTemplate
            queueDestination
    -->

    <!-- 真正可以产生Connection的ConnectionFactory，由对应的 JMS服务厂商提供 -->
    <bean id="targetConnectionFactory" class="org.apache.activemq.ActiveMQConnectionFactory">
        <property name="brokerURL" value="tcp://192.168.163.128:61616" />
    </bean>


    <!-- Spring用于管理真正的ConnectionFactory的ConnectionFactory -->
    <bean id="connectionFactory"
          class="org.springframework.jms.connection.SingleConnectionFactory">
        <!-- 目标ConnectionFactory对应真实的可以产生JMS Connection的ConnectionFactory -->
        <property name="targetConnectionFactory" ref="targetConnectionFactory" />
    </bean>


    <!-- 配置生产者 -->
    <!-- Spring提供的JMS工具类，它可以进行消息发送、接收等 -->
    <bean id="jmsTemplate" class="org.springframework.jms.core.JmsTemplate">
        <!-- 这个connectionFactory对应的是我们定义的Spring提供的那个ConnectionFactory对象 -->
        <property name="connectionFactory" ref="connectionFactory" />
    </bean>


    <!--这个是队列目的地，点对点的 -->
    <bean id="email-destination" class="org.apache.activemq.command.ActiveMQQueue">
        <constructor-arg index="0" value="email-queue"/>
    </bean>

    <bean id="dx-destination" class="org.apache.activemq.command.ActiveMQQueue">
        <constructor-arg index="0" value="dx-queue"/>
    </bean>

</beans>